Using pre-set license
Built from '2020.3/staging' branch; Version is '2020.3.6f1 (338bb68529b2) revision 3378102'; Using compiler version '192528614'; Build Type 'Release'
OS: 'Windows 10 Home; OS build 19042.1083; Version 2009; 64bit' Language: 'en' Physical Memory: 16332 MB
BatchMode: 1, IsHumanControllingUs: 0, StartBugReporterOnCrash: 0, Is64bit: 1, IsPro: 0

 COMMAND LINE ARGUMENTS:
C:\Program Files\Unity\Hub\Editor\2020.3.6f1\Editor\Unity.exe
-adb2
-batchMode
-noUpm
-name
AssetImportWorker0
-projectPath
D:/Oliver Savage/Documents/Unity projects/Chemicals
-logFile
Logs/AssetImportWorker0.log
-srvPort
53276
Successfully changed project path to: D:/Oliver Savage/Documents/Unity projects/Chemicals
D:/Oliver Savage/Documents/Unity projects/Chemicals
Using Asset Import Pipeline V2.
Refreshing native plugins compatible for Editor in 35.05 ms, found 1 plugins.
Preloading 0 native plugins for Editor in 0.00 ms.
Initialize engine version: 2020.3.6f1 (338bb68529b2)
[Subsystems] Discovering subsystems at path C:/Program Files/Unity/Hub/Editor/2020.3.6f1/Editor/Data/Resources/UnitySubsystems
[Subsystems] Discovering subsystems at path D:/Oliver Savage/Documents/Unity projects/Chemicals/Assets
GfxDevice: creating device client; threaded=0
Direct3D:
    Version:  Direct3D 11.0 [level 11.1]
    Renderer: NVIDIA GeForce GTX 1660 SUPER (ID=0x21c4)
    Vendor:   
    VRAM:     5991 MB
    Driver:   27.21.14.6589
Initialize mono
Mono path[0] = 'C:/Program Files/Unity/Hub/Editor/2020.3.6f1/Editor/Data/Managed'
Mono path[1] = 'C:/Program Files/Unity/Hub/Editor/2020.3.6f1/Editor/Data/MonoBleedingEdge/lib/mono/unityjit'
Mono config path = 'C:/Program Files/Unity/Hub/Editor/2020.3.6f1/Editor/Data/MonoBleedingEdge/etc'
Using monoOptions --debugger-agent=transport=dt_socket,embedding=1,server=y,suspend=n,address=127.0.0.1:56552
Begin MonoManager ReloadAssembly
Registering precompiled unity dll's ...
Register platform support module: C:/Program Files/Unity/Hub/Editor/2020.3.6f1/Editor/Data/PlaybackEngines/WebGLSupport/UnityEditor.WebGL.Extensions.dll
Register platform support module: C:/Program Files/Unity/Hub/Editor/2020.3.6f1/Editor/Data/PlaybackEngines/MacStandaloneSupport/UnityEditor.OSXStandalone.Extensions.dll
Register platform support module: C:/Program Files/Unity/Hub/Editor/2020.3.6f1/Editor/Data/PlaybackEngines/WindowsStandaloneSupport/UnityEditor.WindowsStandalone.Extensions.dll
Register platform support module: C:/Program Files/Unity/Hub/Editor/2020.3.6f1/Editor/Data/PlaybackEngines/LinuxStandaloneSupport/UnityEditor.LinuxStandalone.Extensions.dll
Registered in 0.003115 seconds.
Native extension for LinuxStandalone target not found
Native extension for WindowsStandalone target not found
Native extension for OSXStandalone target not found
Native extension for WebGL target not found
Refreshing native plugins compatible for Editor in 39.60 ms, found 1 plugins.
Preloading 0 native plugins for Editor in 0.00 ms.
Mono: successfully reloaded assembly
- Completed reload, in  1.903 seconds
Platform modules already initialized, skipping
Registering precompiled user dll's ...
Registered in 0.000958 seconds.
Begin MonoManager ReloadAssembly
Native extension for LinuxStandalone target not found
Native extension for WindowsStandalone target not found
Native extension for OSXStandalone target not found
Native extension for WebGL target not found
Refreshing native plugins compatible for Editor in 34.31 ms, found 1 plugins.
Preloading 0 native plugins for Editor in 0.00 ms.
Mono: successfully reloaded assembly
- Completed reload, in  0.818 seconds
Platform modules already initialized, skipping
========================================================================
Worker process is ready to serve import requests
Launched and connected shader compiler UnityShaderCompiler.exe after 0.03 seconds
Refreshing native plugins compatible for Editor in 0.40 ms, found 1 plugins.
Preloading 0 native plugins for Editor in 0.00 ms.
Unloading 1885 Unused Serialized files (Serialized files now loaded: 0)
System memory in use before: 160.9 MB.
System memory in use after: 160.8 MB.

Unloading 24 unused Assets to reduce memory usage. Loaded Objects now: 2333.
Total: 2.218200 ms (FindLiveObjects: 0.221400 ms CreateObjectMapping: 0.058700 ms MarkObjects: 1.808400 ms  DeleteObjects: 0.128400 ms)

========================================================================
Received Import Request.
  path: Assets/Scripts/ElementsSpawner.cs
  artifactKey: Guid(54396697713170d478f784fe6ec5777a) Importer(815301076,1909f56bfc062723c751e8b465ee728b)
Start importing Assets/Scripts/ElementsSpawner.cs using Guid(54396697713170d478f784fe6ec5777a) Importer(815301076,1909f56bfc062723c751e8b465ee728b)  -> (artifact id: '6fdf786383a4398f102d8472576725c6') in 0.029876 seconds
  Import took 0.032749 seconds .

========================================================================
Received Prepare
Registering precompiled user dll's ...
Registered in 0.000836 seconds.
Begin MonoManager ReloadAssembly
Native extension for LinuxStandalone target not found
Native extension for WindowsStandalone target not found
Native extension for OSXStandalone target not found
Native extension for WebGL target not found
Refreshing native plugins compatible for Editor in 0.40 ms, found 1 plugins.
Preloading 0 native plugins for Editor in 0.00 ms.
Mono: successfully reloaded assembly
- Completed reload, in  0.698 seconds
Platform modules already initialized, skipping
Refreshing native plugins compatible for Editor in 0.41 ms, found 1 plugins.
Preloading 0 native plugins for Editor in 0.00 ms.
Unloading 1867 Unused Serialized files (Serialized files now loaded: 0)
System memory in use before: 159.6 MB.
System memory in use after: 159.5 MB.

Unloading 12 unused Assets to reduce memory usage. Loaded Objects now: 2337.
Total: 2.001500 ms (FindLiveObjects: 0.211600 ms CreateObjectMapping: 0.044500 ms MarkObjects: 1.644300 ms  DeleteObjects: 0.100100 ms)

========================================================================
Received Import Request.
  Time since last request: 79.749169 seconds.
  path: Assets/Scripts/cameraHeat.cs
  artifactKey: Guid(cccab761302f63847bffa147bd2eab92) Importer(815301076,1909f56bfc062723c751e8b465ee728b)
Start importing Assets/Scripts/cameraHeat.cs using Guid(cccab761302f63847bffa147bd2eab92) Importer(815301076,1909f56bfc062723c751e8b465ee728b)  -> (artifact id: '854a86a8c605fd688c640b7687be1ea3') in 0.014187 seconds
  Import took 0.017191 seconds .

========================================================================
Received Prepare
Registering precompiled user dll's ...
Registered in 0.000799 seconds.
Begin MonoManager ReloadAssembly
Native extension for LinuxStandalone target not found
Native extension for WindowsStandalone target not found
Native extension for OSXStandalone target not found
Native extension for WebGL target not found
Refreshing native plugins compatible for Editor in 0.40 ms, found 1 plugins.
Preloading 0 native plugins for Editor in 0.00 ms.
Mono: successfully reloaded assembly
- Completed reload, in  0.752 seconds
Platform modules already initialized, skipping
Refreshing native plugins compatible for Editor in 0.40 ms, found 1 plugins.
Preloading 0 native plugins for Editor in 0.00 ms.
Unloading 1868 Unused Serialized files (Serialized files now loaded: 0)
System memory in use before: 159.6 MB.
System memory in use after: 159.6 MB.

Unloading 12 unused Assets to reduce memory usage. Loaded Objects now: 2342.
Total: 2.022200 ms (FindLiveObjects: 0.220900 ms CreateObjectMapping: 0.050600 ms MarkObjects: 1.634900 ms  DeleteObjects: 0.114500 ms)

========================================================================
Received Prepare
Registering precompiled user dll's ...
Registered in 0.000871 seconds.
Begin MonoManager ReloadAssembly
Native extension for LinuxStandalone target not found
Native extension for WindowsStandalone target not found
Native extension for OSXStandalone target not found
Native extension for WebGL target not found
Refreshing native plugins compatible for Editor in 0.41 ms, found 1 plugins.
Preloading 0 native plugins for Editor in 0.00 ms.
Mono: successfully reloaded assembly
- Completed reload, in  0.726 seconds
Platform modules already initialized, skipping
Refreshing native plugins compatible for Editor in 0.46 ms, found 1 plugins.
Preloading 0 native plugins for Editor in 0.00 ms.
Unloading 1868 Unused Serialized files (Serialized files now loaded: 0)
System memory in use before: 159.7 MB.
System memory in use after: 159.6 MB.

Unloading 12 unused Assets to reduce memory usage. Loaded Objects now: 2346.
Total: 2.457800 ms (FindLiveObjects: 0.251100 ms CreateObjectMapping: 0.043900 ms MarkObjects: 2.031000 ms  DeleteObjects: 0.121700 ms)

========================================================================
Received Import Request.
  Time since last request: 48.320598 seconds.
  path: Assets/Scripts/cameraHeat.cs
  artifactKey: Guid(cccab761302f63847bffa147bd2eab92) Importer(815301076,1909f56bfc062723c751e8b465ee728b)
Start importing Assets/Scripts/cameraHeat.cs using Guid(cccab761302f63847bffa147bd2eab92) Importer(815301076,1909f56bfc062723c751e8b465ee728b)  -> (artifact id: '853b1f8a3648ed7bc456164dd85d21b7') in 0.004439 seconds
  Import took 0.007682 seconds .

========================================================================
Received Prepare
Registering precompiled user dll's ...
Registered in 0.000930 seconds.
Begin MonoManager ReloadAssembly
Native extension for LinuxStandalone target not found
Native extension for WindowsStandalone target not found
Native extension for OSXStandalone target not found
Native extension for WebGL target not found
Refreshing native plugins compatible for Editor in 0.42 ms, found 1 plugins.
Preloading 0 native plugins for Editor in 0.00 ms.
[ScriptCompilation] NOT recompiling all scripts because this is an import worker process. Reason to compile was: Define symbols changed
Mono: successfully reloaded assembly
- Completed reload, in  0.789 seconds
Platform modules already initialized, skipping
Refreshing native plugins compatible for Editor in 0.44 ms, found 1 plugins.
Preloading 0 native plugins for Editor in 0.00 ms.
Unloading 1988 Unused Serialized files (Serialized files now loaded: 0)
System memory in use before: 167.6 MB.
System memory in use after: 165.5 MB.

Unloading 39 unused Assets to reduce memory usage. Loaded Objects now: 2443.
Total: 2.337000 ms (FindLiveObjects: 0.200000 ms CreateObjectMapping: 0.048400 ms MarkObjects: 1.454200 ms  DeleteObjects: 0.633700 ms)

========================================================================
Received Import Request.
  Time since last request: 331.233994 seconds.
  path: Assets/Scenes/SampleScene_Profiles/GameObject Profile.asset
  artifactKey: Guid(889928881eba73e40a8d7981ce0fa7cd) Importer(815301076,1909f56bfc062723c751e8b465ee728b)
Start importing Assets/Scenes/SampleScene_Profiles/GameObject Profile.asset using Guid(889928881eba73e40a8d7981ce0fa7cd) Importer(815301076,1909f56bfc062723c751e8b465ee728b)  -> (artifact id: 'd89de5bd067078cf7b250e03f4a59f8b') in 0.025137 seconds
  Import took 0.028241 seconds .

========================================================================
Received Import Request.
  Time since last request: 0.003382 seconds.
  path: Assets/Scenes/SampleScene_Profiles/GameObject Profile.asset
  artifactKey: Guid(889928881eba73e40a8d7981ce0fa7cd) Importer(815301076,1909f56bfc062723c751e8b465ee728b)
Start importing Assets/Scenes/SampleScene_Profiles/GameObject Profile.asset using Guid(889928881eba73e40a8d7981ce0fa7cd) Importer(815301076,1909f56bfc062723c751e8b465ee728b)  -> (artifact id: 'd89de5bd067078cf7b250e03f4a59f8b') in 0.002099 seconds
  Import took 0.004903 seconds .

========================================================================
Received Import Request.
  Time since last request: 4.714509 seconds.
  path: Assets/Scenes/SampleScene_Profiles/GameObject Profile.asset
  artifactKey: Guid(889928881eba73e40a8d7981ce0fa7cd) Importer(815301076,1909f56bfc062723c751e8b465ee728b)
Start importing Assets/Scenes/SampleScene_Profiles/GameObject Profile.asset using Guid(889928881eba73e40a8d7981ce0fa7cd) Importer(815301076,1909f56bfc062723c751e8b465ee728b)  -> (artifact id: '7c35ef5ba9dd672a08d43e63cd66a818') in 0.008597 seconds
  Import took 0.011574 seconds .

========================================================================
Received Import Request.
  Time since last request: 0.000558 seconds.
  path: Assets/Scenes/SampleScene_Profiles/GameObject Profile.asset
  artifactKey: Guid(889928881eba73e40a8d7981ce0fa7cd) Importer(815301076,1909f56bfc062723c751e8b465ee728b)
Start importing Assets/Scenes/SampleScene_Profiles/GameObject Profile.asset using Guid(889928881eba73e40a8d7981ce0fa7cd) Importer(815301076,1909f56bfc062723c751e8b465ee728b)  -> (artifact id: '7c35ef5ba9dd672a08d43e63cd66a818') in 0.002033 seconds
  Import took 0.005029 seconds .

========================================================================
Received Import Request.
  Time since last request: 43.536369 seconds.
  path: Assets/Scenes/SampleScene_Profiles/GameObject Profile.asset
  artifactKey: Guid(889928881eba73e40a8d7981ce0fa7cd) Importer(815301076,1909f56bfc062723c751e8b465ee728b)
Start importing Assets/Scenes/SampleScene_Profiles/GameObject Profile.asset using Guid(889928881eba73e40a8d7981ce0fa7cd) Importer(815301076,1909f56bfc062723c751e8b465ee728b)  -> (artifact id: '22f48d1799a3b5ca460d527ffa62a8bf') in 0.003720 seconds
  Import took 0.006526 seconds .

========================================================================
Received Import Request.
  Time since last request: 88.221449 seconds.
  path: Assets/Scenes/SampleScene_Profiles/GameObject Profile.asset
  artifactKey: Guid(889928881eba73e40a8d7981ce0fa7cd) Importer(815301076,1909f56bfc062723c751e8b465ee728b)
Start importing Assets/Scenes/SampleScene_Profiles/GameObject Profile.asset using Guid(889928881eba73e40a8d7981ce0fa7cd) Importer(815301076,1909f56bfc062723c751e8b465ee728b)  -> (artifact id: '6fe19a68fc69718fc5497d7bfd63e9e2') in 0.002087 seconds
  Import took 0.005003 seconds .

========================================================================
Received Import Request.
  Time since last request: 5.372640 seconds.
  path: Assets/Scenes/SampleScene_Profiles/GameObject Profile.asset
  artifactKey: Guid(889928881eba73e40a8d7981ce0fa7cd) Importer(815301076,1909f56bfc062723c751e8b465ee728b)
Start importing Assets/Scenes/SampleScene_Profiles/GameObject Profile.asset using Guid(889928881eba73e40a8d7981ce0fa7cd) Importer(815301076,1909f56bfc062723c751e8b465ee728b)  -> (artifact id: '4c9b2ea981dfe185184d3a274b766cdf') in 0.003828 seconds
  Import took 0.006714 seconds .

========================================================================
Received Import Request.
  Time since last request: 45.878826 seconds.
  path: Assets/Scenes/SampleScene_Profiles/GameObject Profile 1.asset
  artifactKey: Guid(8c12ecc8d3671ae4a984a5322f4d724c) Importer(815301076,1909f56bfc062723c751e8b465ee728b)
Start importing Assets/Scenes/SampleScene_Profiles/GameObject Profile 1.asset using Guid(8c12ecc8d3671ae4a984a5322f4d724c) Importer(815301076,1909f56bfc062723c751e8b465ee728b)  -> (artifact id: 'e1b62a743216fe2f6b1345ce6ab8be34') in 0.013900 seconds
  Import took 0.016928 seconds .

========================================================================
Received Import Request.
  Time since last request: 0.000203 seconds.
  path: Assets/Scenes/SampleScene_Profiles/GameObject Profile.asset
  artifactKey: Guid(889928881eba73e40a8d7981ce0fa7cd) Importer(815301076,1909f56bfc062723c751e8b465ee728b)
Start importing Assets/Scenes/SampleScene_Profiles/GameObject Profile.asset using Guid(889928881eba73e40a8d7981ce0fa7cd) Importer(815301076,1909f56bfc062723c751e8b465ee728b)  -> (artifact id: 'b105527913881ead46e00df2b22b0633') in 0.002240 seconds
  Import took 0.004872 seconds .

========================================================================
Received Import Request.
  Time since last request: 6.390342 seconds.
  path: Assets/Scenes/SampleScene_Profiles/GameObject Profile.asset
  artifactKey: Guid(889928881eba73e40a8d7981ce0fa7cd) Importer(815301076,1909f56bfc062723c751e8b465ee728b)
Start importing Assets/Scenes/SampleScene_Profiles/GameObject Profile.asset using Guid(889928881eba73e40a8d7981ce0fa7cd) Importer(815301076,1909f56bfc062723c751e8b465ee728b)  -> (artifact id: '8359538718dfaf6a65710922592c6f63') in 0.002218 seconds
  Import took 0.005383 seconds .

========================================================================
Received Import Request.
  Time since last request: 0.007941 seconds.
  path: Assets/Scenes/SampleScene_Profiles/GameObject Profile.asset
  artifactKey: Guid(889928881eba73e40a8d7981ce0fa7cd) Importer(815301076,1909f56bfc062723c751e8b465ee728b)
Start importing Assets/Scenes/SampleScene_Profiles/GameObject Profile.asset using Guid(889928881eba73e40a8d7981ce0fa7cd) Importer(815301076,1909f56bfc062723c751e8b465ee728b)  -> (artifact id: '8359538718dfaf6a65710922592c6f63') in 0.002112 seconds
  Import took 0.004881 seconds .

========================================================================
Received Import Request.
  Time since last request: 16.223577 seconds.
  path: Assets/Scenes/SampleScene_Profiles/GameObject Profile 1.asset
  artifactKey: Guid(8c12ecc8d3671ae4a984a5322f4d724c) Importer(815301076,1909f56bfc062723c751e8b465ee728b)
Start importing Assets/Scenes/SampleScene_Profiles/GameObject Profile 1.asset using Guid(8c12ecc8d3671ae4a984a5322f4d724c) Importer(815301076,1909f56bfc062723c751e8b465ee728b)  -> (artifact id: '37c088fea435dfbce404ab21f1cd3793') in 0.014008 seconds
  Import took 0.017013 seconds .

========================================================================
Received Prepare
Registering precompiled user dll's ...
Registered in 0.000871 seconds.
Begin MonoManager ReloadAssembly
Native extension for LinuxStandalone target not found
Native extension for WindowsStandalone target not found
Native extension for OSXStandalone target not found
Native extension for WebGL target not found
Refreshing native plugins compatible for Editor in 0.42 ms, found 1 plugins.
Preloading 0 native plugins for Editor in 0.00 ms.
Mono: successfully reloaded assembly
- Completed reload, in  0.701 seconds
Platform modules already initialized, skipping
Refreshing native plugins compatible for Editor in 0.47 ms, found 1 plugins.
Preloading 0 native plugins for Editor in 0.00 ms.
Unloading 1988 Unused Serialized files (Serialized files now loaded: 0)
System memory in use before: 167.6 MB.
System memory in use after: 165.5 MB.

Unloading 39 unused Assets to reduce memory usage. Loaded Objects now: 2447.
Total: 2.825300 ms (FindLiveObjects: 0.223700 ms CreateObjectMapping: 0.053700 ms MarkObjects: 1.879400 ms  DeleteObjects: 0.667600 ms)

========================================================================
Received Prepare
Registering precompiled user dll's ...
Registered in 0.000921 seconds.
Begin MonoManager ReloadAssembly
Native extension for LinuxStandalone target not found
Native extension for WindowsStandalone target not found
Native extension for OSXStandalone target not found
Native extension for WebGL target not found
Refreshing native plugins compatible for Editor in 0.50 ms, found 1 plugins.
Preloading 0 native plugins for Editor in 0.00 ms.
Mono: successfully reloaded assembly
- Completed reload, in  0.692 seconds
Platform modules already initialized, skipping
Refreshing native plugins compatible for Editor in 0.46 ms, found 1 plugins.
Preloading 0 native plugins for Editor in 0.00 ms.
Unloading 1988 Unused Serialized files (Serialized files now loaded: 0)
System memory in use before: 167.6 MB.
System memory in use after: 165.5 MB.

Unloading 39 unused Assets to reduce memory usage. Loaded Objects now: 2451.
Total: 2.471600 ms (FindLiveObjects: 0.192300 ms CreateObjectMapping: 0.045300 ms MarkObjects: 1.473000 ms  DeleteObjects: 0.759700 ms)

========================================================================
Received Import Request.
  Time since last request: 992.399615 seconds.
  path: Assets/Scenes/SampleScene_Profiles
  artifactKey: Guid(765e5d3d1660b0e4f9e563f678f87b5d) Importer(815301076,1909f56bfc062723c751e8b465ee728b)
Start importing Assets/Scenes/SampleScene_Profiles using Guid(765e5d3d1660b0e4f9e563f678f87b5d) Importer(815301076,1909f56bfc062723c751e8b465ee728b)  -> (artifact id: 'c8a694b98cc729dbee700b3bed21dc24') in 0.014285 seconds
  Import took 0.017301 seconds .

========================================================================
Received Import Request.
  Time since last request: 8.879655 seconds.
  path: Assets/Scenes/SampleScene_Profiles/postProccesing.cs
  artifactKey: Guid(a3cb45229008c694cb41b0e82a970b4b) Importer(815301076,1909f56bfc062723c751e8b465ee728b)
Start importing Assets/Scenes/SampleScene_Profiles/postProccesing.cs using Guid(a3cb45229008c694cb41b0e82a970b4b) Importer(815301076,1909f56bfc062723c751e8b465ee728b)  -> (artifact id: 'eb28fcca27b5dd635e2485ba6dd5f48a') in 0.013372 seconds
  Import took 0.016291 seconds .

========================================================================
Received Prepare
Registering precompiled user dll's ...
Registered in 0.000830 seconds.
Begin MonoManager ReloadAssembly
Native extension for LinuxStandalone target not found
Native extension for WindowsStandalone target not found
Native extension for OSXStandalone target not found
Native extension for WebGL target not found
Refreshing native plugins compatible for Editor in 0.65 ms, found 1 plugins.
Preloading 0 native plugins for Editor in 0.00 ms.
Mono: successfully reloaded assembly
- Completed reload, in  0.736 seconds
Platform modules already initialized, skipping
Refreshing native plugins compatible for Editor in 0.47 ms, found 1 plugins.
Preloading 0 native plugins for Editor in 0.00 ms.
Unloading 1989 Unused Serialized files (Serialized files now loaded: 0)
System memory in use before: 167.6 MB.
System memory in use after: 165.6 MB.

Unloading 39 unused Assets to reduce memory usage. Loaded Objects now: 2456.
Total: 2.641000 ms (FindLiveObjects: 0.225100 ms CreateObjectMapping: 0.057200 ms MarkObjects: 1.646400 ms  DeleteObjects: 0.711400 ms)

========================================================================
Received Import Request.
  Time since last request: 265.825774 seconds.
  path: Assets/Scenes/SampleScene_Profiles/postProccesing.cs
  artifactKey: Guid(a3cb45229008c694cb41b0e82a970b4b) Importer(815301076,1909f56bfc062723c751e8b465ee728b)
Start importing Assets/Scenes/SampleScene_Profiles/postProccesing.cs using Guid(a3cb45229008c694cb41b0e82a970b4b) Importer(815301076,1909f56bfc062723c751e8b465ee728b)  -> (artifact id: '0f8ddae12cc49578fefa928ad11b3987') in 0.005182 seconds
  Import took 0.008616 seconds .

========================================================================
Received Prepare
Registering precompiled user dll's ...
Registered in 0.000829 seconds.
Begin MonoManager ReloadAssembly
Native extension for LinuxStandalone target not found
Native extension for WindowsStandalone target not found
Native extension for OSXStandalone target not found
Native extension for WebGL target not found
Refreshing native plugins compatible for Editor in 0.43 ms, found 1 plugins.
Preloading 0 native plugins for Editor in 0.00 ms.
Mono: successfully reloaded assembly
- Completed reload, in  0.694 seconds
Platform modules already initialized, skipping
Refreshing native plugins compatible for Editor in 0.43 ms, found 1 plugins.
Preloading 0 native plugins for Editor in 0.00 ms.
Unloading 1989 Unused Serialized files (Serialized files now loaded: 0)
System memory in use before: 167.6 MB.
System memory in use after: 165.6 MB.

Unloading 39 unused Assets to reduce memory usage. Loaded Objects now: 2460.
Total: 2.818800 ms (FindLiveObjects: 0.205300 ms CreateObjectMapping: 0.046600 ms MarkObjects: 1.884600 ms  DeleteObjects: 0.680900 ms)

========================================================================
Received Prepare
Registering precompiled user dll's ...
Registered in 0.000831 seconds.
Begin MonoManager ReloadAssembly
Native extension for LinuxStandalone target not found
Native extension for WindowsStandalone target not found
Native extension for OSXStandalone target not found
Native extension for WebGL target not found
Refreshing native plugins compatible for Editor in 0.43 ms, found 1 plugins.
Preloading 0 native plugins for Editor in 0.00 ms.
Mono: successfully reloaded assembly
- Completed reload, in  0.678 seconds
Platform modules already initialized, skipping
Refreshing native plugins compatible for Editor in 0.43 ms, found 1 plugins.
Preloading 0 native plugins for Editor in 0.00 ms.
Unloading 1989 Unused Serialized files (Serialized files now loaded: 0)
System memory in use before: 167.6 MB.
System memory in use after: 165.6 MB.

Unloading 39 unused Assets to reduce memory usage. Loaded Objects now: 2464.
Total: 3.262100 ms (FindLiveObjects: 0.269200 ms CreateObjectMapping: 0.068700 ms MarkObjects: 2.246200 ms  DeleteObjects: 0.677000 ms)

========================================================================
Received Prepare
Registering precompiled user dll's ...
Registered in 0.000835 seconds.
Begin MonoManager ReloadAssembly
Native extension for LinuxStandalone target not found
Native extension for WindowsStandalone target not found
Native extension for OSXStandalone target not found
Native extension for WebGL target not found
Refreshing native plugins compatible for Editor in 0.44 ms, found 1 plugins.
Preloading 0 native plugins for Editor in 0.00 ms.
Mono: successfully reloaded assembly
- Completed reload, in  0.702 seconds
Platform modules already initialized, skipping
Refreshing native plugins compatible for Editor in 0.43 ms, found 1 plugins.
Preloading 0 native plugins for Editor in 0.00 ms.
Unloading 1989 Unused Serialized files (Serialized files now loaded: 0)
System memory in use before: 167.7 MB.
System memory in use after: 165.6 MB.

Unloading 39 unused Assets to reduce memory usage. Loaded Objects now: 2468.
Total: 2.476700 ms (FindLiveObjects: 0.189900 ms CreateObjectMapping: 0.050600 ms MarkObjects: 1.572400 ms  DeleteObjects: 0.662500 ms)

========================================================================
Received Import Request.
  Time since last request: 464.231748 seconds.
  path: Assets/Scenes/SampleScene_Profiles/GameObject Profile 1.asset
  artifactKey: Guid(8c12ecc8d3671ae4a984a5322f4d724c) Importer(815301076,1909f56bfc062723c751e8b465ee728b)
Start importing Assets/Scenes/SampleScene_Profiles/GameObject Profile 1.asset using Guid(8c12ecc8d3671ae4a984a5322f4d724c) Importer(815301076,1909f56bfc062723c751e8b465ee728b)  -> (artifact id: 'd06a29e61467fcf78f9cf112d0696db7') in 0.017694 seconds
  Import took 0.020745 seconds .

========================================================================
Received Prepare
Registering precompiled user dll's ...
Registered in 0.000825 seconds.
Begin MonoManager ReloadAssembly
Native extension for LinuxStandalone target not found
Native extension for WindowsStandalone target not found
Native extension for OSXStandalone target not found
Native extension for WebGL target not found
Refreshing native plugins compatible for Editor in 0.42 ms, found 1 plugins.
Preloading 0 native plugins for Editor in 0.00 ms.
Mono: successfully reloaded assembly
- Completed reload, in  0.693 seconds
Platform modules already initialized, skipping
Refreshing native plugins compatible for Editor in 0.48 ms, found 1 plugins.
Preloading 0 native plugins for Editor in 0.00 ms.
Unloading 1989 Unused Serialized files (Serialized files now loaded: 0)
System memory in use before: 167.7 MB.
System memory in use after: 165.6 MB.

Unloading 39 unused Assets to reduce memory usage. Loaded Objects now: 2472.
Total: 2.365400 ms (FindLiveObjects: 0.186700 ms CreateObjectMapping: 0.046800 ms MarkObjects: 1.455800 ms  DeleteObjects: 0.674900 ms)

========================================================================
Received Prepare
Registering precompiled user dll's ...
Registered in 0.000826 seconds.
Begin MonoManager ReloadAssembly
Native extension for LinuxStandalone target not found
Native extension for WindowsStandalone target not found
Native extension for OSXStandalone target not found
Native extension for WebGL target not found
Refreshing native plugins compatible for Editor in 0.43 ms, found 1 plugins.
Preloading 0 native plugins for Editor in 0.00 ms.
Mono: successfully reloaded assembly
- Completed reload, in  0.691 seconds
Platform modules already initialized, skipping
Refreshing native plugins compatible for Editor in 0.43 ms, found 1 plugins.
Preloading 0 native plugins for Editor in 0.00 ms.
Unloading 1989 Unused Serialized files (Serialized files now loaded: 0)
System memory in use before: 167.7 MB.
System memory in use after: 165.6 MB.

Unloading 39 unused Assets to reduce memory usage. Loaded Objects now: 2476.
Total: 2.555800 ms (FindLiveObjects: 0.211300 ms CreateObjectMapping: 0.051900 ms MarkObjects: 1.558700 ms  DeleteObjects: 0.733000 ms)

========================================================================
Received Prepare
Registering precompiled user dll's ...
Registered in 0.000830 seconds.
Begin MonoManager ReloadAssembly
Native extension for LinuxStandalone target not found
Native extension for WindowsStandalone target not found
Native extension for OSXStandalone target not found
Native extension for WebGL target not found
Refreshing native plugins compatible for Editor in 0.49 ms, found 1 plugins.
Preloading 0 native plugins for Editor in 0.00 ms.
Mono: successfully reloaded assembly
- Completed reload, in  0.714 seconds
Platform modules already initialized, skipping
Refreshing native plugins compatible for Editor in 0.47 ms, found 1 plugins.
Preloading 0 native plugins for Editor in 0.00 ms.
Unloading 1989 Unused Serialized files (Serialized files now loaded: 0)
System memory in use before: 167.7 MB.
System memory in use after: 165.6 MB.

Unloading 39 unused Assets to reduce memory usage. Loaded Objects now: 2480.
Total: 2.398400 ms (FindLiveObjects: 0.198700 ms CreateObjectMapping: 0.044600 ms MarkObjects: 1.466800 ms  DeleteObjects: 0.687100 ms)

========================================================================
Received Prepare
Registering precompiled user dll's ...
Registered in 0.000821 seconds.
Begin MonoManager ReloadAssembly
Native extension for LinuxStandalone target not found
Native extension for WindowsStandalone target not found
Native extension for OSXStandalone target not found
Native extension for WebGL target not found
Refreshing native plugins compatible for Editor in 0.43 ms, found 1 plugins.
Preloading 0 native plugins for Editor in 0.00 ms.
Mono: successfully reloaded assembly
- Completed reload, in  0.708 seconds
Platform modules already initialized, skipping
Refreshing native plugins compatible for Editor in 0.43 ms, found 1 plugins.
Preloading 0 native plugins for Editor in 0.00 ms.
Unloading 1989 Unused Serialized files (Serialized files now loaded: 0)
System memory in use before: 167.7 MB.
System memory in use after: 165.6 MB.

Unloading 39 unused Assets to reduce memory usage. Loaded Objects now: 2484.
Total: 2.553900 ms (FindLiveObjects: 0.189800 ms CreateObjectMapping: 0.046200 ms MarkObjects: 1.622900 ms  DeleteObjects: 0.694200 ms)

========================================================================
Received Prepare
Registering precompiled user dll's ...
Registered in 0.000730 seconds.
Begin MonoManager ReloadAssembly
Native extension for LinuxStandalone target not found
Native extension for WindowsStandalone target not found
Native extension for OSXStandalone target not found
Native extension for WebGL target not found
Refreshing native plugins compatible for Editor in 0.43 ms, found 1 plugins.
Preloading 0 native plugins for Editor in 0.00 ms.
Mono: successfully reloaded assembly
- Completed reload, in  0.697 seconds
Platform modules already initialized, skipping
Refreshing native plugins compatible for Editor in 0.45 ms, found 1 plugins.
Preloading 0 native plugins for Editor in 0.00 ms.
Unloading 1989 Unused Serialized files (Serialized files now loaded: 0)
System memory in use before: 167.7 MB.
System memory in use after: 165.6 MB.

Unloading 39 unused Assets to reduce memory usage. Loaded Objects now: 2488.
Total: 2.848500 ms (FindLiveObjects: 0.236200 ms CreateObjectMapping: 0.053800 ms MarkObjects: 1.842700 ms  DeleteObjects: 0.714400 ms)

========================================================================
Received Prepare
Registering precompiled user dll's ...
Registered in 0.000873 seconds.
Begin MonoManager ReloadAssembly
Native extension for LinuxStandalone target not found
Native extension for WindowsStandalone target not found
Native extension for OSXStandalone target not found
Native extension for WebGL target not found
Refreshing native plugins compatible for Editor in 0.44 ms, found 1 plugins.
Preloading 0 native plugins for Editor in 0.00 ms.
Mono: successfully reloaded assembly
- Completed reload, in  0.703 seconds
Platform modules already initialized, skipping
Refreshing native plugins compatible for Editor in 0.43 ms, found 1 plugins.
Preloading 0 native plugins for Editor in 0.00 ms.
Unloading 1989 Unused Serialized files (Serialized files now loaded: 0)
System memory in use before: 167.7 MB.
System memory in use after: 165.6 MB.

Unloading 39 unused Assets to reduce memory usage. Loaded Objects now: 2492.
Total: 3.174600 ms (FindLiveObjects: 0.248300 ms CreateObjectMapping: 0.048000 ms MarkObjects: 2.181600 ms  DeleteObjects: 0.695900 ms)

========================================================================
Received Prepare
Registering precompiled user dll's ...
Registered in 0.000859 seconds.
Begin MonoManager ReloadAssembly
Native extension for LinuxStandalone target not found
Native extension for WindowsStandalone target not found
Native extension for OSXStandalone target not found
Native extension for WebGL target not found
Refreshing native plugins compatible for Editor in 0.43 ms, found 1 plugins.
Preloading 0 native plugins for Editor in 0.00 ms.
Mono: successfully reloaded assembly
- Completed reload, in  0.694 seconds
Platform modules already initialized, skipping
Refreshing native plugins compatible for Editor in 0.43 ms, found 1 plugins.
Preloading 0 native plugins for Editor in 0.00 ms.
Unloading 1989 Unused Serialized files (Serialized files now loaded: 0)
System memory in use before: 167.7 MB.
System memory in use after: 165.7 MB.

Unloading 39 unused Assets to reduce memory usage. Loaded Objects now: 2496.
Total: 2.639700 ms (FindLiveObjects: 0.215400 ms CreateObjectMapping: 0.054600 ms MarkObjects: 1.699000 ms  DeleteObjects: 0.669500 ms)

========================================================================
Received Prepare
Registering precompiled user dll's ...
Registered in 0.000830 seconds.
Begin MonoManager ReloadAssembly
Native extension for LinuxStandalone target not found
Native extension for WindowsStandalone target not found
Native extension for OSXStandalone target not found
Native extension for WebGL target not found
Refreshing native plugins compatible for Editor in 0.43 ms, found 1 plugins.
Preloading 0 native plugins for Editor in 0.00 ms.
Mono: successfully reloaded assembly
- Completed reload, in  0.701 seconds
Platform modules already initialized, skipping
Refreshing native plugins compatible for Editor in 0.47 ms, found 1 plugins.
Preloading 0 native plugins for Editor in 0.00 ms.
Unloading 1989 Unused Serialized files (Serialized files now loaded: 0)
System memory in use before: 167.7 MB.
System memory in use after: 165.7 MB.

Unloading 39 unused Assets to reduce memory usage. Loaded Objects now: 2500.
Total: 2.519800 ms (FindLiveObjects: 0.217800 ms CreateObjectMapping: 0.054100 ms MarkObjects: 1.524900 ms  DeleteObjects: 0.722000 ms)

========================================================================
Received Prepare
Registering precompiled user dll's ...
Registered in 0.001181 seconds.
Begin MonoManager ReloadAssembly
Native extension for LinuxStandalone target not found
Native extension for WindowsStandalone target not found
Native extension for OSXStandalone target not found
Native extension for WebGL target not found
Refreshing native plugins compatible for Editor in 0.46 ms, found 1 plugins.
Preloading 0 native plugins for Editor in 0.00 ms.
Mono: successfully reloaded assembly
- Completed reload, in  0.689 seconds
Platform modules already initialized, skipping
Refreshing native plugins compatible for Editor in 0.43 ms, found 1 plugins.
Preloading 0 native plugins for Editor in 0.00 ms.
Unloading 1989 Unused Serialized files (Serialized files now loaded: 0)
System memory in use before: 167.7 MB.
System memory in use after: 165.7 MB.

Unloading 39 unused Assets to reduce memory usage. Loaded Objects now: 2504.
Total: 2.810100 ms (FindLiveObjects: 0.253600 ms CreateObjectMapping: 0.045100 ms MarkObjects: 1.819100 ms  DeleteObjects: 0.690800 ms)

========================================================================
Received Prepare
Registering precompiled user dll's ...
Registered in 0.000934 seconds.
Begin MonoManager ReloadAssembly
Native extension for LinuxStandalone target not found
Native extension for WindowsStandalone target not found
Native extension for OSXStandalone target not found
Native extension for WebGL target not found
Refreshing native plugins compatible for Editor in 0.45 ms, found 1 plugins.
Preloading 0 native plugins for Editor in 0.00 ms.
Mono: successfully reloaded assembly
- Completed reload, in  0.684 seconds
Platform modules already initialized, skipping
Refreshing native plugins compatible for Editor in 0.44 ms, found 1 plugins.
Preloading 0 native plugins for Editor in 0.00 ms.
Unloading 1989 Unused Serialized files (Serialized files now loaded: 0)
System memory in use before: 167.7 MB.
System memory in use after: 165.7 MB.

Unloading 39 unused Assets to reduce memory usage. Loaded Objects now: 2508.
Total: 2.882100 ms (FindLiveObjects: 0.293400 ms CreateObjectMapping: 0.073600 ms MarkObjects: 1.835200 ms  DeleteObjects: 0.678600 ms)

========================================================================
Received Prepare
Registering precompiled user dll's ...
Registered in 0.001311 seconds.
Begin MonoManager ReloadAssembly
Native extension for LinuxStandalone target not found
Native extension for WindowsStandalone target not found
Native extension for OSXStandalone target not found
Native extension for WebGL target not found
Refreshing native plugins compatible for Editor in 0.43 ms, found 1 plugins.
Preloading 0 native plugins for Editor in 0.00 ms.
Mono: successfully reloaded assembly
- Completed reload, in  0.699 seconds
Platform modules already initialized, skipping
Refreshing native plugins compatible for Editor in 0.48 ms, found 1 plugins.
Preloading 0 native plugins for Editor in 0.00 ms.
Unloading 1989 Unused Serialized files (Serialized files now loaded: 0)
System memory in use before: 167.8 MB.
System memory in use after: 165.7 MB.

Unloading 39 unused Assets to reduce memory usage. Loaded Objects now: 2512.
Total: 2.406000 ms (FindLiveObjects: 0.187200 ms CreateObjectMapping: 0.047500 ms MarkObjects: 1.492100 ms  DeleteObjects: 0.678400 ms)

========================================================================
Received Prepare
Registering precompiled user dll's ...
Registered in 0.000884 seconds.
Begin MonoManager ReloadAssembly
Native extension for LinuxStandalone target not found
Native extension for WindowsStandalone target not found
Native extension for OSXStandalone target not found
Native extension for WebGL target not found
Refreshing native plugins compatible for Editor in 0.51 ms, found 1 plugins.
Preloading 0 native plugins for Editor in 0.00 ms.
Mono: successfully reloaded assembly
- Completed reload, in  0.742 seconds
Platform modules already initialized, skipping
Refreshing native plugins compatible for Editor in 0.43 ms, found 1 plugins.
Preloading 0 native plugins for Editor in 0.00 ms.
Unloading 1989 Unused Serialized files (Serialized files now loaded: 0)
System memory in use before: 167.8 MB.
System memory in use after: 165.7 MB.

Unloading 39 unused Assets to reduce memory usage. Loaded Objects now: 2516.
Total: 2.464200 ms (FindLiveObjects: 0.223200 ms CreateObjectMapping: 0.042400 ms MarkObjects: 1.505700 ms  DeleteObjects: 0.692300 ms)

========================================================================
Received Prepare
Registering precompiled user dll's ...
Registered in 0.001507 seconds.
Begin MonoManager ReloadAssembly
Native extension for LinuxStandalone target not found
Native extension for WindowsStandalone target not found
Native extension for OSXStandalone target not found
Native extension for WebGL target not found
Refreshing native plugins compatible for Editor in 0.43 ms, found 1 plugins.
Preloading 0 native plugins for Editor in 0.00 ms.
Mono: successfully reloaded assembly
- Completed reload, in  0.722 seconds
Platform modules already initialized, skipping
Refreshing native plugins compatible for Editor in 0.43 ms, found 1 plugins.
Preloading 0 native plugins for Editor in 0.00 ms.
Unloading 1989 Unused Serialized files (Serialized files now loaded: 0)
System memory in use before: 167.8 MB.
System memory in use after: 165.7 MB.

Unloading 39 unused Assets to reduce memory usage. Loaded Objects now: 2520.
Total: 2.557100 ms (FindLiveObjects: 0.213000 ms CreateObjectMapping: 0.110700 ms MarkObjects: 1.530100 ms  DeleteObjects: 0.702500 ms)

========================================================================
Received Prepare
Registering precompiled user dll's ...
Registered in 0.001054 seconds.
Begin MonoManager ReloadAssembly
Native extension for LinuxStandalone target not found
Native extension for WindowsStandalone target not found
Native extension for OSXStandalone target not found
Native extension for WebGL target not found
Refreshing native plugins compatible for Editor in 0.52 ms, found 1 plugins.
Preloading 0 native plugins for Editor in 0.00 ms.
Mono: successfully reloaded assembly
- Completed reload, in  0.713 seconds
Platform modules already initialized, skipping
Refreshing native plugins compatible for Editor in 0.46 ms, found 1 plugins.
Preloading 0 native plugins for Editor in 0.00 ms.
Unloading 1989 Unused Serialized files (Serialized files now loaded: 0)
System memory in use before: 167.8 MB.
System memory in use after: 165.7 MB.

Unloading 39 unused Assets to reduce memory usage. Loaded Objects now: 2524.
Total: 2.791300 ms (FindLiveObjects: 0.278600 ms CreateObjectMapping: 0.050500 ms MarkObjects: 1.755600 ms  DeleteObjects: 0.705600 ms)

========================================================================
Received Prepare
Registering precompiled user dll's ...
Registered in 0.000876 seconds.
Begin MonoManager ReloadAssembly
Native extension for LinuxStandalone target not found
Native extension for WindowsStandalone target not found
Native extension for OSXStandalone target not found
Native extension for WebGL target not found
Refreshing native plugins compatible for Editor in 0.43 ms, found 1 plugins.
Preloading 0 native plugins for Editor in 0.00 ms.
Mono: successfully reloaded assembly
- Completed reload, in  0.711 seconds
Platform modules already initialized, skipping
Refreshing native plugins compatible for Editor in 0.44 ms, found 1 plugins.
Preloading 0 native plugins for Editor in 0.00 ms.
Unloading 1989 Unused Serialized files (Serialized files now loaded: 0)
System memory in use before: 167.8 MB.
System memory in use after: 165.7 MB.

Unloading 39 unused Assets to reduce memory usage. Loaded Objects now: 2528.
Total: 2.894500 ms (FindLiveObjects: 0.236300 ms CreateObjectMapping: 0.053000 ms MarkObjects: 1.893100 ms  DeleteObjects: 0.710700 ms)

========================================================================
Received Prepare
Registering precompiled user dll's ...
Registered in 0.000973 seconds.
Begin MonoManager ReloadAssembly
Native extension for LinuxStandalone target not found
Native extension for WindowsStandalone target not found
Native extension for OSXStandalone target not found
Native extension for WebGL target not found
Refreshing native plugins compatible for Editor in 0.46 ms, found 1 plugins.
Preloading 0 native plugins for Editor in 0.00 ms.
Mono: successfully reloaded assembly
- Completed reload, in  0.717 seconds
Platform modules already initialized, skipping
Refreshing native plugins compatible for Editor in 0.46 ms, found 1 plugins.
Preloading 0 native plugins for Editor in 0.00 ms.
Unloading 1989 Unused Serialized files (Serialized files now loaded: 0)
System memory in use before: 167.8 MB.
System memory in use after: 165.7 MB.

Unloading 39 unused Assets to reduce memory usage. Loaded Objects now: 2532.
Total: 2.905700 ms (FindLiveObjects: 0.283100 ms CreateObjectMapping: 0.050100 ms MarkObjects: 1.754300 ms  DeleteObjects: 0.816900 ms)

========================================================================
Received Prepare
Registering precompiled user dll's ...
Registered in 0.000878 seconds.
Begin MonoManager ReloadAssembly
Native extension for LinuxStandalone target not found
Native extension for WindowsStandalone target not found
Native extension for OSXStandalone target not found
Native extension for WebGL target not found
Refreshing native plugins compatible for Editor in 0.49 ms, found 1 plugins.
Preloading 0 native plugins for Editor in 0.00 ms.
Mono: successfully reloaded assembly
- Completed reload, in  0.748 seconds
Platform modules already initialized, skipping
Refreshing native plugins compatible for Editor in 0.44 ms, found 1 plugins.
Preloading 0 native plugins for Editor in 0.00 ms.
Unloading 1989 Unused Serialized files (Serialized files now loaded: 0)
System memory in use before: 167.8 MB.
System memory in use after: 165.7 MB.

Unloading 39 unused Assets to reduce memory usage. Loaded Objects now: 2536.
Total: 2.669900 ms (FindLiveObjects: 0.207600 ms CreateObjectMapping: 0.044700 ms MarkObjects: 1.741300 ms  DeleteObjects: 0.675400 ms)

========================================================================
Received Prepare
Registering precompiled user dll's ...
Registered in 0.000841 seconds.
Begin MonoManager ReloadAssembly
Native extension for LinuxStandalone target not found
Native extension for WindowsStandalone target not found
Native extension for OSXStandalone target not found
Native extension for WebGL target not found
Refreshing native plugins compatible for Editor in 0.43 ms, found 1 plugins.
Preloading 0 native plugins for Editor in 0.00 ms.
Mono: successfully reloaded assembly
- Completed reload, in  0.733 seconds
Platform modules already initialized, skipping
Refreshing native plugins compatible for Editor in 0.43 ms, found 1 plugins.
Preloading 0 native plugins for Editor in 0.00 ms.
Unloading 1989 Unused Serialized files (Serialized files now loaded: 0)
System memory in use before: 167.8 MB.
System memory in use after: 165.8 MB.

Unloading 39 unused Assets to reduce memory usage. Loaded Objects now: 2540.
Total: 2.773200 ms (FindLiveObjects: 0.242800 ms CreateObjectMapping: 0.046200 ms MarkObjects: 1.792100 ms  DeleteObjects: 0.690900 ms)

========================================================================
Received Prepare
Registering precompiled user dll's ...
Registered in 0.000879 seconds.
Begin MonoManager ReloadAssembly
Native extension for LinuxStandalone target not found
Native extension for WindowsStandalone target not found
Native extension for OSXStandalone target not found
Native extension for WebGL target not found
Refreshing native plugins compatible for Editor in 0.44 ms, found 1 plugins.
Preloading 0 native plugins for Editor in 0.00 ms.
Mono: successfully reloaded assembly
- Completed reload, in  0.757 seconds
Platform modules already initialized, skipping
Refreshing native plugins compatible for Editor in 0.43 ms, found 1 plugins.
Preloading 0 native plugins for Editor in 0.00 ms.
Unloading 1989 Unused Serialized files (Serialized files now loaded: 0)
System memory in use before: 167.8 MB.
System memory in use after: 165.8 MB.

Unloading 39 unused Assets to reduce memory usage. Loaded Objects now: 2544.
Total: 2.691600 ms (FindLiveObjects: 0.216500 ms CreateObjectMapping: 0.047600 ms MarkObjects: 1.707100 ms  DeleteObjects: 0.718200 ms)

========================================================================
Received Import Request.
  Time since last request: 1578.128359 seconds.
  path: Assets/Scenes/SampleScene_Profiles/GameObject Profile 1.asset
  artifactKey: Guid(8c12ecc8d3671ae4a984a5322f4d724c) Importer(815301076,1909f56bfc062723c751e8b465ee728b)
Start importing Assets/Scenes/SampleScene_Profiles/GameObject Profile 1.asset using Guid(8c12ecc8d3671ae4a984a5322f4d724c) Importer(815301076,1909f56bfc062723c751e8b465ee728b)  -> (artifact id: '824d72e4982fff1224a71de178562108') in 0.020625 seconds
  Import took 0.023739 seconds .

========================================================================
Received Prepare
Registering precompiled user dll's ...
Registered in 0.000874 seconds.
Begin MonoManager ReloadAssembly
Native extension for LinuxStandalone target not found
Native extension for WindowsStandalone target not found
Native extension for OSXStandalone target not found
Native extension for WebGL target not found
Refreshing native plugins compatible for Editor in 0.43 ms, found 1 plugins.
Preloading 0 native plugins for Editor in 0.00 ms.
Mono: successfully reloaded assembly
- Completed reload, in  0.766 seconds
Platform modules already initialized, skipping
Refreshing native plugins compatible for Editor in 0.42 ms, found 1 plugins.
Preloading 0 native plugins for Editor in 0.00 ms.
Unloading 1989 Unused Serialized files (Serialized files now loaded: 0)
System memory in use before: 167.8 MB.
System memory in use after: 165.8 MB.

Unloading 39 unused Assets to reduce memory usage. Loaded Objects now: 2548.
Total: 3.744400 ms (FindLiveObjects: 0.239600 ms CreateObjectMapping: 0.048400 ms MarkObjects: 2.735600 ms  DeleteObjects: 0.719300 ms)

========================================================================
Received Prepare
Registering precompiled user dll's ...
Registered in 0.000919 seconds.
Begin MonoManager ReloadAssembly
Native extension for LinuxStandalone target not found
Native extension for WindowsStandalone target not found
Native extension for OSXStandalone target not found
Native extension for WebGL target not found
Refreshing native plugins compatible for Editor in 0.52 ms, found 1 plugins.
Preloading 0 native plugins for Editor in 0.00 ms.
Mono: successfully reloaded assembly
- Completed reload, in  0.749 seconds
Platform modules already initialized, skipping
Refreshing native plugins compatible for Editor in 0.44 ms, found 1 plugins.
Preloading 0 native plugins for Editor in 0.00 ms.
Unloading 1989 Unused Serialized files (Serialized files now loaded: 0)
System memory in use before: 167.8 MB.
System memory in use after: 165.8 MB.

Unloading 39 unused Assets to reduce memory usage. Loaded Objects now: 2552.
Total: 2.777300 ms (FindLiveObjects: 0.270500 ms CreateObjectMapping: 0.050300 ms MarkObjects: 1.766500 ms  DeleteObjects: 0.689000 ms)

========================================================================
Received Prepare
Registering precompiled user dll's ...
Registered in 0.000927 seconds.
Begin MonoManager ReloadAssembly
Native extension for LinuxStandalone target not found
Native extension for WindowsStandalone target not found
Native extension for OSXStandalone target not found
Native extension for WebGL target not found
Refreshing native plugins compatible for Editor in 0.54 ms, found 1 plugins.
Preloading 0 native plugins for Editor in 0.00 ms.
Mono: successfully reloaded assembly
- Completed reload, in  0.796 seconds
Platform modules already initialized, skipping
Refreshing native plugins compatible for Editor in 1.04 ms, found 1 plugins.
Preloading 0 native plugins for Editor in 0.00 ms.
Unloading 1989 Unused Serialized files (Serialized files now loaded: 0)
System memory in use before: 167.9 MB.
System memory in use after: 165.8 MB.

Unloading 39 unused Assets to reduce memory usage. Loaded Objects now: 2556.
Total: 2.830500 ms (FindLiveObjects: 0.491800 ms CreateObjectMapping: 0.053700 ms MarkObjects: 1.598200 ms  DeleteObjects: 0.685100 ms)

========================================================================
Received Prepare
Registering precompiled user dll's ...
Registered in 0.000826 seconds.
Begin MonoManager ReloadAssembly
Native extension for LinuxStandalone target not found
Native extension for WindowsStandalone target not found
Native extension for OSXStandalone target not found
Native extension for WebGL target not found
Refreshing native plugins compatible for Editor in 0.44 ms, found 1 plugins.
Preloading 0 native plugins for Editor in 0.00 ms.
Mono: successfully reloaded assembly
- Completed reload, in  0.747 seconds
Platform modules already initialized, skipping
Refreshing native plugins compatible for Editor in 0.76 ms, found 1 plugins.
Preloading 0 native plugins for Editor in 0.00 ms.
Unloading 1989 Unused Serialized files (Serialized files now loaded: 0)
System memory in use before: 167.9 MB.
System memory in use after: 165.8 MB.

Unloading 39 unused Assets to reduce memory usage. Loaded Objects now: 2560.
Total: 2.582300 ms (FindLiveObjects: 0.241400 ms CreateObjectMapping: 0.053000 ms MarkObjects: 1.586700 ms  DeleteObjects: 0.700300 ms)

========================================================================
Received Prepare
Registering precompiled user dll's ...
Registered in 0.001028 seconds.
Begin MonoManager ReloadAssembly
Native extension for LinuxStandalone target not found
Native extension for WindowsStandalone target not found
Native extension for OSXStandalone target not found
Native extension for WebGL target not found
Refreshing native plugins compatible for Editor in 0.43 ms, found 1 plugins.
Preloading 0 native plugins for Editor in 0.00 ms.
Mono: successfully reloaded assembly
- Completed reload, in  0.704 seconds
Platform modules already initialized, skipping
Refreshing native plugins compatible for Editor in 0.43 ms, found 1 plugins.
Preloading 0 native plugins for Editor in 0.00 ms.
Unloading 1989 Unused Serialized files (Serialized files now loaded: 0)
System memory in use before: 167.9 MB.
System memory in use after: 165.8 MB.

Unloading 39 unused Assets to reduce memory usage. Loaded Objects now: 2564.
Total: 2.827700 ms (FindLiveObjects: 0.229000 ms CreateObjectMapping: 0.054400 ms MarkObjects: 1.820800 ms  DeleteObjects: 0.722500 ms)

========================================================================
Received Prepare
Registering precompiled user dll's ...
Registered in 0.000859 seconds.
Begin MonoManager ReloadAssembly
Native extension for LinuxStandalone target not found
Native extension for WindowsStandalone target not found
Native extension for OSXStandalone target not found
Native extension for WebGL target not found
Refreshing native plugins compatible for Editor in 0.43 ms, found 1 plugins.
Preloading 0 native plugins for Editor in 0.00 ms.
Mono: successfully reloaded assembly
- Completed reload, in  0.700 seconds
Platform modules already initialized, skipping
Refreshing native plugins compatible for Editor in 0.44 ms, found 1 plugins.
Preloading 0 native plugins for Editor in 0.00 ms.
Unloading 1989 Unused Serialized files (Serialized files now loaded: 0)
System memory in use before: 167.9 MB.
System memory in use after: 165.8 MB.

Unloading 39 unused Assets to reduce memory usage. Loaded Objects now: 2568.
Total: 2.685300 ms (FindLiveObjects: 0.232400 ms CreateObjectMapping: 0.050700 ms MarkObjects: 1.732200 ms  DeleteObjects: 0.668900 ms)

========================================================================
Received Prepare
Registering precompiled user dll's ...
Registered in 0.000904 seconds.
Begin MonoManager ReloadAssembly
Native extension for LinuxStandalone target not found
Native extension for WindowsStandalone target not found
Native extension for OSXStandalone target not found
Native extension for WebGL target not found
Refreshing native plugins compatible for Editor in 0.43 ms, found 1 plugins.
Preloading 0 native plugins for Editor in 0.00 ms.
Mono: successfully reloaded assembly
- Completed reload, in  0.736 seconds
Platform modules already initialized, skipping
Refreshing native plugins compatible for Editor in 0.43 ms, found 1 plugins.
Preloading 0 native plugins for Editor in 0.00 ms.
Unloading 1989 Unused Serialized files (Serialized files now loaded: 0)
System memory in use before: 167.9 MB.
System memory in use after: 165.8 MB.

Unloading 39 unused Assets to reduce memory usage. Loaded Objects now: 2572.
Total: 2.475000 ms (FindLiveObjects: 0.207500 ms CreateObjectMapping: 0.053500 ms MarkObjects: 1.508900 ms  DeleteObjects: 0.704200 ms)

========================================================================
Received Prepare
Registering precompiled user dll's ...
Registered in 0.000950 seconds.
Begin MonoManager ReloadAssembly
Native extension for LinuxStandalone target not found
Native extension for WindowsStandalone target not found
Native extension for OSXStandalone target not found
Native extension for WebGL target not found
Refreshing native plugins compatible for Editor in 0.43 ms, found 1 plugins.
Preloading 0 native plugins for Editor in 0.00 ms.
Mono: successfully reloaded assembly
- Completed reload, in  0.692 seconds
Platform modules already initialized, skipping
Refreshing native plugins compatible for Editor in 0.43 ms, found 1 plugins.
Preloading 0 native plugins for Editor in 0.00 ms.
Unloading 1989 Unused Serialized files (Serialized files now loaded: 0)
System memory in use before: 167.9 MB.
System memory in use after: 165.8 MB.

Unloading 39 unused Assets to reduce memory usage. Loaded Objects now: 2576.
Total: 2.789500 ms (FindLiveObjects: 0.289300 ms CreateObjectMapping: 0.069900 ms MarkObjects: 1.738000 ms  DeleteObjects: 0.691400 ms)

========================================================================
Received Prepare
Registering precompiled user dll's ...
Registered in 0.000813 seconds.
Begin MonoManager ReloadAssembly
Native extension for LinuxStandalone target not found
Native extension for WindowsStandalone target not found
Native extension for OSXStandalone target not found
Native extension for WebGL target not found
Refreshing native plugins compatible for Editor in 0.43 ms, found 1 plugins.
Preloading 0 native plugins for Editor in 0.00 ms.
Mono: successfully reloaded assembly
- Completed reload, in  0.746 seconds
Platform modules already initialized, skipping
Refreshing native plugins compatible for Editor in 0.43 ms, found 1 plugins.
Preloading 0 native plugins for Editor in 0.00 ms.
Unloading 1989 Unused Serialized files (Serialized files now loaded: 0)
System memory in use before: 167.9 MB.
System memory in use after: 165.8 MB.

Unloading 39 unused Assets to reduce memory usage. Loaded Objects now: 2580.
Total: 2.679700 ms (FindLiveObjects: 0.205800 ms CreateObjectMapping: 0.054500 ms MarkObjects: 1.753300 ms  DeleteObjects: 0.665200 ms)

========================================================================
Received Prepare
Registering precompiled user dll's ...
Registered in 0.000749 seconds.
Begin MonoManager ReloadAssembly
Native extension for LinuxStandalone target not found
Native extension for WindowsStandalone target not found
Native extension for OSXStandalone target not found
Native extension for WebGL target not found
Refreshing native plugins compatible for Editor in 0.44 ms, found 1 plugins.
Preloading 0 native plugins for Editor in 0.00 ms.
Mono: successfully reloaded assembly
- Completed reload, in  0.698 seconds
Platform modules already initialized, skipping
Refreshing native plugins compatible for Editor in 0.44 ms, found 1 plugins.
Preloading 0 native plugins for Editor in 0.00 ms.
Unloading 1989 Unused Serialized files (Serialized files now loaded: 0)
System memory in use before: 167.9 MB.
System memory in use after: 165.9 MB.

Unloading 39 unused Assets to reduce memory usage. Loaded Objects now: 2584.
Total: 2.581400 ms (FindLiveObjects: 0.246700 ms CreateObjectMapping: 0.054400 ms MarkObjects: 1.500000 ms  DeleteObjects: 0.779300 ms)

========================================================================
Received Prepare
Registering precompiled user dll's ...
Registered in 0.000857 seconds.
Begin MonoManager ReloadAssembly
Native extension for LinuxStandalone target not found
Native extension for WindowsStandalone target not found
Native extension for OSXStandalone target not found
Native extension for WebGL target not found
Refreshing native plugins compatible for Editor in 0.47 ms, found 1 plugins.
Preloading 0 native plugins for Editor in 0.00 ms.
Mono: successfully reloaded assembly
- Completed reload, in  0.737 seconds
Platform modules already initialized, skipping
Refreshing native plugins compatible for Editor in 0.42 ms, found 1 plugins.
Preloading 0 native plugins for Editor in 0.00 ms.
Unloading 1989 Unused Serialized files (Serialized files now loaded: 0)
System memory in use before: 167.9 MB.
System memory in use after: 165.9 MB.

Unloading 39 unused Assets to reduce memory usage. Loaded Objects now: 2588.
Total: 2.634800 ms (FindLiveObjects: 0.222700 ms CreateObjectMapping: 0.053900 ms MarkObjects: 1.658900 ms  DeleteObjects: 0.698300 ms)

========================================================================
Received Prepare
Registering precompiled user dll's ...
Registered in 0.001056 seconds.
Begin MonoManager ReloadAssembly
Native extension for LinuxStandalone target not found
Native extension for WindowsStandalone target not found
Native extension for OSXStandalone target not found
Native extension for WebGL target not found
Refreshing native plugins compatible for Editor in 0.44 ms, found 1 plugins.
Preloading 0 native plugins for Editor in 0.00 ms.
Mono: successfully reloaded assembly
- Completed reload, in  0.752 seconds
Platform modules already initialized, skipping
Refreshing native plugins compatible for Editor in 0.43 ms, found 1 plugins.
Preloading 0 native plugins for Editor in 0.00 ms.
Unloading 1989 Unused Serialized files (Serialized files now loaded: 0)
System memory in use before: 167.9 MB.
System memory in use after: 165.9 MB.

Unloading 39 unused Assets to reduce memory usage. Loaded Objects now: 2592.
Total: 2.747000 ms (FindLiveObjects: 0.201500 ms CreateObjectMapping: 0.052800 ms MarkObjects: 1.813900 ms  DeleteObjects: 0.677900 ms)

========================================================================
Received Prepare
Registering precompiled user dll's ...
Registered in 0.000920 seconds.
Begin MonoManager ReloadAssembly
Native extension for LinuxStandalone target not found
Native extension for WindowsStandalone target not found
Native extension for OSXStandalone target not found
Native extension for WebGL target not found
Refreshing native plugins compatible for Editor in 0.43 ms, found 1 plugins.
Preloading 0 native plugins for Editor in 0.00 ms.
Mono: successfully reloaded assembly
- Completed reload, in  0.713 seconds
Platform modules already initialized, skipping
Refreshing native plugins compatible for Editor in 0.43 ms, found 1 plugins.
Preloading 0 native plugins for Editor in 0.00 ms.
Unloading 1989 Unused Serialized files (Serialized files now loaded: 0)
System memory in use before: 167.9 MB.
System memory in use after: 165.9 MB.

Unloading 39 unused Assets to reduce memory usage. Loaded Objects now: 2596.
Total: 2.663900 ms (FindLiveObjects: 0.229800 ms CreateObjectMapping: 0.054600 ms MarkObjects: 1.664100 ms  DeleteObjects: 0.714100 ms)

========================================================================
Received Import Request.
  Time since last request: 11813.980762 seconds.
  path: Assets/Scenes/SampleScene_Profiles/GameObject Profile 1.asset
  artifactKey: Guid(8c12ecc8d3671ae4a984a5322f4d724c) Importer(815301076,1909f56bfc062723c751e8b465ee728b)
Start importing Assets/Scenes/SampleScene_Profiles/GameObject Profile 1.asset using Guid(8c12ecc8d3671ae4a984a5322f4d724c) Importer(815301076,1909f56bfc062723c751e8b465ee728b)  -> (artifact id: 'b668f24e695a95ba29558e6b8362963f') in 0.033066 seconds
  Import took 0.036815 seconds .

AssetImportWorkerClient::OnTransportError - code=2 error=End of file
